# JRE version: 7.0_11-b21
# Java VM: Java HotSpot(TM) 64-Bit Server VM (23.6-b04 mixed mode windows-amd64 compressed oops)
Heap
 PSYoungGen      total 76416K, used 160K [0x00000000fa000000, 0x0000000100000000, 0x0000000100000000)
  eden space 70528K, 0% used [0x00000000fa000000,0x00000000fa000000,0x00000000fe4e0000)
  from space 5888K, 2% used [0x00000000ffa40000,0x00000000ffa68000,0x0000000100000000)
  to   space 13888K, 0% used [0x00000000fe4e0000,0x00000000fe4e0000,0x00000000ff270000)
 ParOldGen       total 114752K, used 109643K [0x00000000e8000000, 0x00000000ef010000, 0x00000000fa000000)
  object space 114752K, 95% used [0x00000000e8000000,0x00000000eeb12c48,0x00000000ef010000)
 PSPermGen       total 126592K, used 76795K [0x00000000e0000000, 0x00000000e7ba0000, 0x00000000e8000000)
  object space 126592K, 60% used [0x00000000e0000000,0x00000000e4afee78,0x00000000e7ba0000)
GC Heap History (10 events):
Event: 144409.242 GC heap after
Heap after GC invocations=281 (full 5):
 PSYoungGen      total 93632K, used 480K [0x00000000fa000000, 0x00000000fff40000, 0x0000000100000000)
  eden space 90368K, 0% used [0x00000000fa000000,0x00000000fa000000,0x00000000ff840000)
  from space 3264K, 14% used [0x00000000ffc10000,0x00000000ffc88000,0x00000000fff40000)
  to   space 3584K, 0% used [0x00000000ff840000,0x00000000ff840000,0x00000000ffbc0000)
 ParOldGen       total 114752K, used 79506K [0x00000000e8000000, 0x00000000ef010000, 0x00000000fa000000)
  object space 114752K, 69% used [0x00000000e8000000,0x00000000ecda4ba0,0x00000000ef010000)
 PSPermGen       total 126592K, used 76528K [0x00000000e0000000, 0x00000000e7ba0000, 0x00000000e8000000)
  object space 126592K, 60% used [0x00000000e0000000,0x00000000e4abc108,0x00000000e7ba0000)
}
Event: 144413.083 GC heap before
{Heap before GC invocations=282 (full 5):
 PSYoungGen      total 93632K, used 90848K [0x00000000fa000000, 0x00000000fff40000, 0x0000000100000000)
  eden space 90368K, 100% used [0x00000000fa000000,0x00000000ff840000,0x00000000ff840000)
  from space 3264K, 14% used [0x00000000ffc10000,0x00000000ffc88000,0x00000000fff40000)
  to   space 3584K, 0% used [0x00000000ff840000,0x00000000ff840000,0x00000000ffbc0000)
 ParOldGen       total 114752K, used 79506K [0x00000000e8000000, 0x00000000ef010000, 0x00000000fa000000)
  object space 114752K, 69% used [0x00000000e8000000,0x00000000ecda4ba0,0x00000000ef010000)
 PSPermGen       total 126592K, used 76681K [0x00000000e0000000, 0x00000000e7ba0000, 0x00000000e8000000)
  object space 126592K, 60% used [0x00000000e0000000,0x00000000e4ae26b0,0x00000000e7ba0000)
Event: 144413.167 GC heap after
Heap after GC invocations=282 (full 5):
 PSYoungGen      total 93952K, used 3568K [0x00000000fa000000, 0x0000000100000000, 0x0000000100000000)
  eden space 90368K, 0% used [0x00000000fa000000,0x00000000fa000000,0x00000000ff840000)
  from space 3584K, 99% used [0x00000000ff840000,0x00000000ffbbc220,0x00000000ffbc0000)
  to   space 4352K, 0% used [0x00000000ffbc0000,0x00000000ffbc0000,0x0000000100000000)
 ParOldGen       total 114752K, used 80469K [0x00000000e8000000, 0x00000000ef010000, 0x00000000fa000000)
  object space 114752K, 70% used [0x00000000e8000000,0x00000000ece95558,0x00000000ef010000)
 PSPermGen       total 126592K, used 76681K [0x00000000e0000000, 0x00000000e7ba0000, 0x00000000e8000000)
  object space 126592K, 60% used [0x00000000e0000000,0x00000000e4ae26b0,0x00000000e7ba0000)
}
Event: 144427.491 GC heap before
{Heap before GC invocations=283 (full 5):
 PSYoungGen      total 93952K, used 93936K [0x00000000fa000000, 0x0000000100000000, 0x0000000100000000)
  eden space 90368K, 100% used [0x00000000fa000000,0x00000000ff840000,0x00000000ff840000)
  from space 3584K, 99% used [0x00000000ff840000,0x00000000ffbbc220,0x00000000ffbc0000)
  to   space 4352K, 0% used [0x00000000ffbc0000,0x00000000ffbc0000,0x0000000100000000)
 ParOldGen       total 114752K, used 80469K [0x00000000e8000000, 0x00000000ef010000, 0x00000000fa000000)
  object space 114752K, 70% used [0x00000000e8000000,0x00000000ece95558,0x00000000ef010000)
 PSPermGen       total 126592K, used 76737K [0x00000000e0000000, 0x00000000e7ba0000, 0x00000000e8000000)
  object space 126592K, 60% used [0x00000000e0000000,0x00000000e4af0560,0x00000000e7ba0000)
Event: 144427.568 GC heap after
Heap after GC invocations=283 (full 5):
 PSYoungGen      total 90880K, used 4320K [0x00000000fa000000, 0x0000000100000000, 0x0000000100000000)
  eden space 86528K, 0% used [0x00000000fa000000,0x00000000fa000000,0x00000000ff480000)
  from space 4352K, 99% used [0x00000000ffbc0000,0x00000000ffff8140,0x0000000100000000)
  to   space 5888K, 0% used [0x00000000ff480000,0x00000000ff480000,0x00000000ffa40000)
 ParOldGen       total 114752K, used 81298K [0x00000000e8000000, 0x00000000ef010000, 0x00000000fa000000)
  object space 114752K, 70% used [0x00000000e8000000,0x00000000ecf64aa8,0x00000000ef010000)
 PSPermGen       total 126592K, used 76737K [0x00000000e0000000, 0x00000000e7ba0000, 0x00000000e8000000)
  object space 126592K, 60% used [0x00000000e0000000,0x00000000e4af0560,0x00000000e7ba0000)
}
Event: 144468.511 GC heap before
{Heap before GC invocations=284 (full 5):
 PSYoungGen      total 90880K, used 90848K [0x00000000fa000000, 0x0000000100000000, 0x0000000100000000)
  eden space 86528K, 100% used [0x00000000fa000000,0x00000000ff480000,0x00000000ff480000)
  from space 4352K, 99% used [0x00000000ffbc0000,0x00000000ffff8140,0x0000000100000000)
  to   space 5888K, 0% used [0x00000000ff480000,0x00000000ff480000,0x00000000ffa40000)
 ParOldGen       total 114752K, used 81298K [0x00000000e8000000, 0x00000000ef010000, 0x00000000fa000000)
  object space 114752K, 70% used [0x00000000e8000000,0x00000000ecf64aa8,0x00000000ef010000)
 PSPermGen       total 126592K, used 76795K [0x00000000e0000000, 0x00000000e7ba0000, 0x00000000e8000000)
  object space 126592K, 60% used [0x00000000e0000000,0x00000000e4afee78,0x00000000e7ba0000)
Event: 144469.341 GC heap after
Heap after GC invocations=284 (full 5):
 PSYoungGen      total 92416K, used 5870K [0x00000000fa000000, 0x0000000100000000, 0x0000000100000000)
  eden space 86528K, 0% used [0x00000000fa000000,0x00000000fa000000,0x00000000ff480000)
  from space 5888K, 99% used [0x00000000ff480000,0x00000000ffa3b800,0x00000000ffa40000)
  to   space 5888K, 0% used [0x00000000ffa40000,0x00000000ffa40000,0x0000000100000000)
 ParOldGen       total 114752K, used 100877K [0x00000000e8000000, 0x00000000ef010000, 0x00000000fa000000)
  object space 114752K, 87% used [0x00000000e8000000,0x00000000ee2834e0,0x00000000ef010000)
 PSPermGen       total 126592K, used 76795K [0x00000000e0000000, 0x00000000e7ba0000, 0x00000000e8000000)
  object space 126592K, 60% used [0x00000000e0000000,0x00000000e4afee78,0x00000000e7ba0000)
}
Event: 144472.245 GC heap before
{Heap before GC invocations=285 (full 5):
 PSYoungGen      total 92416K, used 92398K [0x00000000fa000000, 0x0000000100000000, 0x0000000100000000)
  eden space 86528K, 100% used [0x00000000fa000000,0x00000000ff480000,0x00000000ff480000)
  from space 5888K, 99% used [0x00000000ff480000,0x00000000ffa3b800,0x00000000ffa40000)
  to   space 5888K, 0% used [0x00000000ffa40000,0x00000000ffa40000,0x0000000100000000)
 ParOldGen       total 114752K, used 100877K [0x00000000e8000000, 0x00000000ef010000, 0x00000000fa000000)
  object space 114752K, 87% used [0x00000000e8000000,0x00000000ee2834e0,0x00000000ef010000)
 PSPermGen       total 126592K, used 76795K [0x00000000e0000000, 0x00000000e7ba0000, 0x00000000e8000000)
  object space 126592K, 60% used [0x00000000e0000000,0x00000000e4afee78,0x00000000e7ba0000)
Event: 144472.528 GC heap after
Heap after GC invocations=285 (full 5):
 PSYoungGen      total 76416K, used 160K [0x00000000fa000000, 0x0000000100000000, 0x0000000100000000)
  eden space 70528K, 0% used [0x00000000fa000000,0x00000000fa000000,0x00000000fe4e0000)
  from space 5888K, 2% used [0x00000000ffa40000,0x00000000ffa68000,0x0000000100000000)
  to   space 13888K, 0% used [0x00000000fe4e0000,0x00000000fe4e0000,0x00000000ff270000)
 ParOldGen       total 114752K, used 109643K [0x00000000e8000000, 0x00000000ef010000, 0x00000000fa000000)
  object space 114752K, 95% used [0x00000000e8000000,0x00000000eeb12c48,0x00000000ef010000)
 PSPermGen       total 126592K, used 76795K [0x00000000e0000000, 0x00000000e7ba0000, 0x00000000e8000000)
  object space 126592K, 60% used [0x00000000e0000000,0x00000000e4afee78,0x00000000e7ba0000)
}
Event: 144472.537 GC heap before
{Heap before GC invocations=286 (full 6):
 PSYoungGen      total 76416K, used 160K [0x00000000fa000000, 0x0000000100000000, 0x0000000100000000)
  eden space 70528K, 0% used [0x00000000fa000000,0x00000000fa000000,0x00000000fe4e0000)
  from space 5888K, 2% used [0x00000000ffa40000,0x00000000ffa68000,0x0000000100000000)
  to   space 13888K, 0% used [0x00000000fe4e0000,0x00000000fe4e0000,0x00000000ff270000)
 ParOldGen       total 114752K, used 109643K [0x00000000e8000000, 0x00000000ef010000, 0x00000000fa000000)
  object space 114752K, 95% used [0x00000000e8000000,0x00000000eeb12c48,0x00000000ef010000)
 PSPermGen       total 126592K, used 76795K [0x00000000e0000000, 0x00000000e7ba0000, 0x00000000e8000000)
  object space 126592K, 60% used [0x00000000e0000000,0x00000000e4afee78,0x00000000e7ba0000)

